<?xml version="1.0" encoding="UTF-8"?>
<!-- Generated by org.testng.reporters.JUnitXMLReporter -->
<testsuite hostname="IJ_Workstation" ignored="0" name="Default test" tests="3" failures="0" timestamp="17 Jul 2017 17:25:20 GMT" time="23.314" errors="0">
  <testcase name="selecta" time="0.02" classname="inheritance.co.mz.TestNGtest"/>
  <testcase name="selectloginbusiness" time="4.594" classname="inheritance.co.mz.TestNGtest"/>
  <testcase name="absalogindetails" time="5.608" classname="inheritance.co.mz.TestNGtest"/>
</testsuite> <!-- Default test -->
