<?xml version="1.0" encoding="UTF-8"?>
<!-- Generated by org.testng.reporters.JUnitXMLReporter -->
<testsuite hostname="IJ_Workstation" ignored="0" name="Test" tests="6" failures="0" timestamp="17 Jul 2017 17:09:34 GMT" time="0.047" errors="0">
  <testcase name="Testcase1" time="0.01" classname="inheritance.co.mz.parllel"/>
  <testcase name="Testcase4" time="0.01" classname="inheritance.co.mz.parllel1"/>
  <testcase name="Testcase5" time="0.002" classname="inheritance.co.mz.parllel1"/>
  <testcase name="Testcase2" time="0.002" classname="inheritance.co.mz.parllel"/>
  <testcase name="Testcase3" time="0.001" classname="inheritance.co.mz.parllel"/>
  <testcase name="Testcase6" time="0.011" classname="inheritance.co.mz.parllel1"/>
</testsuite> <!-- Test -->
